<?xml version="1.0" encoding="UTF-8"?>
<!-- Generated by org.testng.reporters.JUnitReportReporter -->
<testsuite hostname="system11" name="driverFactory.AppTest" tests="1" failures="0" timestamp="12 Feb 2020 07:38:34 GMT" time="12.273" errors="0">
  <testcase name="f" time="12.273" classname="driverFactory.AppTest"/>
</testsuite> <!-- driverFactory.AppTest -->
