<?xml version="1.0" encoding="UTF-8"?>
<!-- Generated by org.testng.reporters.JUnitReportReporter -->
<testsuite hostname="system11" name="driverFactory.NewTest" tests="1" failures="0" timestamp="12 Feb 2020 07:37:58 GMT" time="12.928" errors="0">
  <testcase name="f" time="12.928" classname="driverFactory.NewTest"/>
</testsuite> <!-- driverFactory.NewTest -->
