<?xml version="1.0" encoding="UTF-8"?>
<!-- Generated by org.testng.reporters.JUnitReportReporter -->
<testsuite hostname="system11" name="driverFactory.NewTest" tests="1" failures="0" timestamp="12 Feb 2020 07:39:44 GMT" time="9.920" errors="0">
  <testcase name="f" time="9.920" classname="driverFactory.NewTest"/>
</testsuite> <!-- driverFactory.NewTest -->
